<?xml version="1.0" encoding="UTF-8" ?>
<testsuite failures="0" time="42.65" errors="1" skipped="0" tests="1" name="com.java.ex.hello.LoginTest">
  <properties>
    <property name="java.vendor" value="Oracle Corporation"/>
    <property name="JOB_NAME" value="MyMaven"/>
    <property name="PWD" value="/"/>
    <property name="sun.java.launcher" value="SUN_STANDARD"/>
    <property name="sun.management.compiler" value="HotSpot 64-Bit Tiered Compilers"/>
    <property name="JENKINS_HOME" value="/Users/Shared/Jenkins/Home"/>
    <property name="PATH" value="/Library/Java/JavaVirtualMachines/jdk1.7.0_51.jdk/Contents/Home/bin:/usr/bin:/bin:/usr/sbin:/sbin"/>
    <property name="HUDSON_SERVER_COOKIE" value="a9e1b627419209c1"/>
    <property name="POM_ARTIFACTID" value="hello"/>
    <property name="os.name" value="Mac OS X"/>
    <property name="sun.boot.class.path" value="/Library/Java/JavaVirtualMachines/jdk1.7.0_51.jdk/Contents/Home/jre/lib/resources.jar:/Library/Java/JavaVirtualMachines/jdk1.7.0_51.jdk/Contents/Home/jre/lib/rt.jar:/Library/Java/JavaVirtualMachines/jdk1.7.0_51.jdk/Contents/Home/jre/lib/sunrsasign.jar:/Library/Java/JavaVirtualMachines/jdk1.7.0_51.jdk/Contents/Home/jre/lib/jsse.jar:/Library/Java/JavaVirtualMachines/jdk1.7.0_51.jdk/Contents/Home/jre/lib/jce.jar:/Library/Java/JavaVirtualMachines/jdk1.7.0_51.jdk/Contents/Home/jre/lib/charsets.jar:/Library/Java/JavaVirtualMachines/jdk1.7.0_51.jdk/Contents/Home/jre/lib/jfr.jar:/Library/Java/JavaVirtualMachines/jdk1.7.0_51.jdk/Contents/Home/jre/classes"/>
    <property name="EXECUTOR_NUMBER" value="1"/>
    <property name="user.country.format" value="EE"/>
    <property name="java.vm.specification.vendor" value="Oracle Corporation"/>
    <property name="POM_DISPLAYNAME" value="hello"/>
    <property name="NODE_LABELS" value="master"/>
    <property name="java.runtime.version" value="1.7.0_51-b13"/>
    <property name="SAUCE_API_KEY" value="87334f8c-4d83-4909-9b5b-60843d1675e5"/>
    <property name="SELENIUM_DRIVER" value="sauce-ondemand:?os=Mac 10.6&amp;browser=firefox&amp;browser-version=30&amp;username=jaceqmartin&amp;access-key=87334f8c-4d83-4909-9b5b-60843d1675e5"/>
    <property name="user.name" value="jenkins"/>
    <property name="MAIL_PORT" value="993"/>
    <property name="guice.disable.misplaced.annotation.check" value="true"/>
    <property name="SECURITYSESSIONID" value="186cb"/>
    <property name="user.language" value="en"/>
    <property name="BUILD_DISPLAY_NAME" value="#70"/>
    <property name="TMPDIR" value="/var/folders/kq/76vdr5j16qx1ycyqrwkf205000007h/T/"/>
    <property name="sun.boot.library.path" value="/Library/Java/JavaVirtualMachines/jdk1.7.0_51.jdk/Contents/Home/jre/lib"/>
    <property name="MAIL_SERVER" value="mail.modirum.com"/>
    <property name="java.version" value="1.7.0_51"/>
    <property name="user.timezone" value="Europe/Tallinn"/>
    <property name="OSX_KEYCHAIN_PASSWORD" value="00hlala"/>
    <property name="sun.arch.data.model" value="64"/>
    <property name="NODE_NAME" value="master"/>
    <property name="http.nonProxyHosts" value="local|*.local|169.254/16|*.169.254/16"/>
    <property name="java.endorsed.dirs" value="/Library/Java/JavaVirtualMachines/jdk1.7.0_51.jdk/Contents/Home/jre/lib/endorsed"/>
    <property name="BUILD_ID" value="2014-10-15_09-16-29"/>
    <property name="sun.cpu.isalist" value=""/>
    <property name="sun.jnu.encoding" value="UTF-8"/>
    <property name="file.encoding.pkg" value="sun.io"/>
    <property name="SHELL" value="/bin/bash"/>
    <property name="file.separator" value="/"/>
    <property name="java.specification.name" value="Java Platform API Specification"/>
    <property name="java.class.version" value="51.0"/>
    <property name="org.slf4j.simpleLogger.defaultLogLevel" value="info"/>
    <property name="user.country" value="US"/>
    <property name="java.home" value="/Library/Java/JavaVirtualMachines/jdk1.7.0_51.jdk/Contents/Home/jre"/>
    <property name="java.vm.info" value="mixed mode"/>
    <property name="os.version" value="10.9.5"/>
    <property name="OSX_KEYCHAIN_LOCATION" value="/Users/Shared/Jenkins/Library/Keychains/login.keychain"/>
    <property name="SELENIUM_HOST" value="192.168.0.12"/>
    <property name="POM_VERSION" value="0.0.1-SNAPSHOT"/>
    <property name="sun.font.fontmanager" value="sun.font.CFontManager"/>
    <property name="path.separator" value=":"/>
    <property name="SELENIUM_PLATFORM" value="Mac 10.6"/>
    <property name="java.vm.version" value="24.51-b03"/>
    <property name="SHLVL" value="0"/>
    <property name="java.awt.printerjob" value="sun.lwawt.macosx.CPrinterJob"/>
    <property name="JAVA_HOME" value="/Library/Java/JavaVirtualMachines/jdk1.7.0_51.jdk/Contents/Home"/>
    <property name="sun.io.unicode.encoding" value="UnicodeBig"/>
    <property name="SELENIUM_STARTING_URL" value=""/>
    <property name="awt.toolkit" value="sun.awt.HToolkit"/>
    <property name="LOGNAME" value="jenkins"/>
    <property name="socksNonProxyHosts" value="local|*.local|169.254/16|*.169.254/16"/>
    <property name="POM_PACKAGING" value="jar"/>
    <property name="ftp.nonProxyHosts" value="local|*.local|169.254/16|*.169.254/16"/>
    <property name="HOME" value="/Users/Shared/Jenkins"/>
    <property name="POM_GROUPID" value="com.java.ex"/>
    <property name="user.home" value="/Users/Shared/Jenkins"/>
    <property name="BUILD_TAG" value="jenkins-MyMaven-70"/>
    <property name="JENKINS_SERVER_COOKIE" value="a9e1b627419209c1"/>
    <property name="HUDSON_URL" value="http://localhost:8080/"/>
    <property name="java.specification.vendor" value="Oracle Corporation"/>
    <property name="SELENIUM_BROWSER" value="firefox"/>
    <property name="CLASSPATH" value=""/>
    <property name="java.vendor.url" value="http://java.oracle.com/"/>
    <property name="java.library.path" value="/Users/Shared/Jenkins/Library/Java/Extensions:/Library/Java/Extensions:/Network/Library/Java/Extensions:/System/Library/Java/Extensions:/usr/lib/java:."/>
    <property name="gopherProxySet" value="false"/>
    <property name="java.vm.vendor" value="Oracle Corporation"/>
    <property name="java.runtime.name" value="Java(TM) SE Runtime Environment"/>
    <property name="maven.home" value="/usr/local/apache-maven/apache-maven-3.2.3"/>
    <property name="java.class.path" value="/Users/Shared/Jenkins/Home/plugins/maven-plugin/WEB-INF/lib/maven31-agent-1.5.jar:/usr/local/apache-maven/apache-maven-3.2.3/boot/plexus-classworlds-2.5.1.jar:/usr/local/apache-maven/apache-maven-3.2.3/conf/logging"/>
    <property name="sun.java.command" value="jenkins.maven3.agent.Maven31Main /usr/local/apache-maven/apache-maven-3.2.3/ /Users/Shared/Jenkins/Home/war/WEB-INF/lib/remoting-2.46.jar /Users/Shared/Jenkins/Home/plugins/maven-plugin/WEB-INF/lib/maven31-interceptor-1.5.jar /Users/Shared/Jenkins/Home/plugins/maven-plugin/WEB-INF/lib/maven3-interceptor-commons-1.5.jar 58607"/>
    <property name="java.vm.specification.name" value="Java Virtual Machine Specification"/>
    <property name="PATH+JDK" value="/Library/Java/JavaVirtualMachines/jdk1.7.0_51.jdk/Contents/Home/bin"/>
    <property name="java.vm.specification.version" value="1.7"/>
    <property name="sun.os.patch.level" value="unknown"/>
    <property name="sun.cpu.endian" value="little"/>
    <property name="M2_HOME" value="/usr/local/apache-maven/apache-maven-3.2.3/"/>
    <property name="SAUCE_ONDEMAND_BROWSERS" value="[{&quot;os&quot;:&quot;Mac 10.6&quot;,&quot;browser&quot;:&quot;firefox&quot;,&quot;browser-version&quot;:&quot;30&quot;,&quot;long-name&quot;:&quot;Firefox&quot;,&quot;long-version&quot;:&quot;30.0.&quot;,&quot;url&quot;:&quot;sauce-ondemand:?os=Mac 10.6&amp;browser=firefox&amp;browser-version=30&amp;username=jaceqmartin&amp;access-key=87334f8c-4d83-4909-9b5b-60843d1675e5&quot;}]"/>
    <property name="java.io.tmpdir" value="/var/folders/kq/76vdr5j16qx1ycyqrwkf205000007h/T/"/>
    <property name="HUDSON_HOME" value="/Users/Shared/Jenkins/Home"/>
    <property name="PATH+MAVEN" value="/usr/local/apache-maven/apache-maven-3.2.3//bin"/>
    <property name="BUILD_URL" value="http://localhost:8080/job/MyMaven/70/"/>
    <property name="java.vendor.url.bug" value="http://bugreport.sun.com/bugreport/"/>
    <property name="JENKINS_BUILD_NUMBER" value="MyMaven__70"/>
    <property name="java.awt.graphicsenv" value="sun.awt.CGraphicsEnvironment"/>
    <property name="os.arch" value="x86_64"/>
    <property name="SELENIUM_PORT" value="4445"/>
    <property name="com.apple.java.jvmTask" value="CommandLine"/>
    <property name="java.ext.dirs" value="/Users/Shared/Jenkins/Library/Java/Extensions:/Library/Java/JavaVirtualMachines/jdk1.7.0_51.jdk/Contents/Home/jre/lib/ext:/Library/Java/Extensions:/Network/Library/Java/Extensions:/System/Library/Java/Extensions:/usr/lib/java"/>
    <property name="__CF_USER_TEXT_ENCODING" value="0xF0:0:0"/>
    <property name="JAVA_MAIN_CLASS_887" value="Main"/>
    <property name="user.dir" value="/Users/jacemartin/Desktop/hello"/>
    <property name="JOB_URL" value="http://localhost:8080/job/MyMaven/"/>
    <property name="SAUCE_USER_NAME" value="jaceqmartin"/>
    <property name="line.separator" value="
"/>
    <property name="JAVA_ARCH" value="x86_64"/>
    <property name="MAVEN_HOME" value="/usr/local/apache-maven/apache-maven-3.2.3/"/>
    <property name="java.vm.name" value="Java HotSpot(TM) 64-Bit Server VM"/>
    <property name="BUILD_NUMBER" value="70"/>
    <property name="JENKINS_URL" value="http://localhost:8080/"/>
    <property name="file.encoding" value="US-ASCII"/>
    <property name="maven3.interceptor" value="/Users/Shared/Jenkins/Home/plugins/maven-plugin/WEB-INF/lib/maven31-interceptor-1.5.jar"/>
    <property name="WORKSPACE" value="/Users/Shared/Jenkins/Home/jobs/MyMaven/workspace"/>
    <property name="maven3.interceptor.common" value="/Users/Shared/Jenkins/Home/plugins/maven-plugin/WEB-INF/lib/maven3-interceptor-commons-1.5.jar"/>
    <property name="SELENIUM_VERSION" value="30"/>
    <property name="java.specification.version" value="1.7"/>
    <property name="USER" value="jenkins"/>
  </properties>
  <testcase time="42.65" classname="com.java.ex.hello.LoginTest" name="testABegin">
    <error message="Element is not currently visible and so may not be interacted with
Command duration or timeout: 30.03 seconds
Build info: version: &apos;2.43.1&apos;, revision: &apos;5163bceef1bc36d43f3dc0b83c88998168a363a0&apos;, time: &apos;2014-09-10 09:43:55&apos;
System info: host: &apos;Jaces-MacBook-Pro.local&apos;, ip: &apos;192.168.0.12&apos;, os.name: &apos;Mac OS X&apos;, os.arch: &apos;x86_64&apos;, os.version: &apos;10.9.5&apos;, java.version: &apos;1.7.0_51&apos;
Session ID: bd1dbb53-55b6-d84c-8d38-ee1c33d707d0
Driver info: org.openqa.selenium.firefox.FirefoxDriver
Capabilities [{platform=MAC, databaseEnabled=true, cssSelectorsEnabled=true, javascriptEnabled=true, acceptSslCerts=true, handlesAlerts=true, browserName=firefox, webStorageEnabled=true, nativeEvents=false, rotatable=false, locationContextEnabled=true, applicationCacheEnabled=true, takesScreenshot=true, version=32.0.3}]" type="org.openqa.selenium.ElementNotVisibleException">org.openqa.selenium.ElementNotVisibleException: Element is not currently visible and so may not be interacted with
Command duration or timeout: 30.03 seconds
Build info: version: &apos;2.43.1&apos;, revision: &apos;5163bceef1bc36d43f3dc0b83c88998168a363a0&apos;, time: &apos;2014-09-10 09:43:55&apos;
System info: host: &apos;Jaces-MacBook-Pro.local&apos;, ip: &apos;192.168.0.12&apos;, os.name: &apos;Mac OS X&apos;, os.arch: &apos;x86_64&apos;, os.version: &apos;10.9.5&apos;, java.version: &apos;1.7.0_51&apos;
Session ID: bd1dbb53-55b6-d84c-8d38-ee1c33d707d0
Driver info: org.openqa.selenium.firefox.FirefoxDriver
Capabilities [{platform=MAC, databaseEnabled=true, cssSelectorsEnabled=true, javascriptEnabled=true, acceptSslCerts=true, handlesAlerts=true, browserName=firefox, webStorageEnabled=true, nativeEvents=false, rotatable=false, locationContextEnabled=true, applicationCacheEnabled=true, takesScreenshot=true, version=32.0.3}]
	at sun.reflect.NativeConstructorAccessorImpl.newInstance0(Native Method)
	at sun.reflect.NativeConstructorAccessorImpl.newInstance(NativeConstructorAccessorImpl.java:57)
	at sun.reflect.DelegatingConstructorAccessorImpl.newInstance(DelegatingConstructorAccessorImpl.java:45)
	at java.lang.reflect.Constructor.newInstance(Constructor.java:526)
	at org.openqa.selenium.remote.ErrorHandler.createThrowable(ErrorHandler.java:204)
	at org.openqa.selenium.remote.ErrorHandler.throwIfResponseFailed(ErrorHandler.java:156)
	at org.openqa.selenium.remote.RemoteWebDriver.execute(RemoteWebDriver.java:599)
	at org.openqa.selenium.remote.RemoteWebElement.execute(RemoteWebElement.java:268)
	at org.openqa.selenium.remote.RemoteWebElement.clear(RemoteWebElement.java:113)
	at com.java.ex.hello.LoginTest.testABegin(LoginTest.java:32)
	at sun.reflect.NativeMethodAccessorImpl.invoke0(Native Method)
	at sun.reflect.NativeMethodAccessorImpl.invoke(NativeMethodAccessorImpl.java:57)
	at sun.reflect.DelegatingMethodAccessorImpl.invoke(DelegatingMethodAccessorImpl.java:43)
	at java.lang.reflect.Method.invoke(Method.java:606)
	at org.junit.runners.model.FrameworkMethod$1.runReflectiveCall(FrameworkMethod.java:47)
	at org.junit.internal.runners.model.ReflectiveCallable.run(ReflectiveCallable.java:12)
	at org.junit.runners.model.FrameworkMethod.invokeExplosively(FrameworkMethod.java:44)
	at org.junit.internal.runners.statements.InvokeMethod.evaluate(InvokeMethod.java:17)
	at org.junit.internal.runners.statements.RunBefores.evaluate(RunBefores.java:26)
	at org.junit.internal.runners.statements.RunAfters.evaluate(RunAfters.java:27)
	at org.junit.runners.ParentRunner.runLeaf(ParentRunner.java:271)
	at org.junit.runners.BlockJUnit4ClassRunner.runChild(BlockJUnit4ClassRunner.java:70)
	at org.junit.runners.BlockJUnit4ClassRunner.runChild(BlockJUnit4ClassRunner.java:50)
	at org.junit.runners.ParentRunner$3.run(ParentRunner.java:238)
	at org.junit.runners.ParentRunner$1.schedule(ParentRunner.java:63)
	at org.junit.runners.ParentRunner.runChildren(ParentRunner.java:236)
	at org.junit.runners.ParentRunner.access$000(ParentRunner.java:53)
	at org.junit.runners.ParentRunner$2.evaluate(ParentRunner.java:229)
	at org.junit.runners.ParentRunner.run(ParentRunner.java:309)
	at org.apache.maven.surefire.junit4.JUnit4Provider.execute(JUnit4Provider.java:252)
	at org.apache.maven.surefire.junit4.JUnit4Provider.executeTestSet(JUnit4Provider.java:141)
	at org.apache.maven.surefire.junit4.JUnit4Provider.invoke(JUnit4Provider.java:112)
	at sun.reflect.NativeMethodAccessorImpl.invoke0(Native Method)
	at sun.reflect.NativeMethodAccessorImpl.invoke(NativeMethodAccessorImpl.java:57)
	at sun.reflect.DelegatingMethodAccessorImpl.invoke(DelegatingMethodAccessorImpl.java:43)
	at java.lang.reflect.Method.invoke(Method.java:606)
	at org.apache.maven.surefire.util.ReflectionUtils.invokeMethodWithArray(ReflectionUtils.java:189)
	at org.apache.maven.surefire.booter.ProviderFactory$ProviderProxy.invoke(ProviderFactory.java:165)
	at org.apache.maven.surefire.booter.ProviderFactory.invokeProvider(ProviderFactory.java:85)
	at org.apache.maven.surefire.booter.ForkedBooter.runSuitesInProcess(ForkedBooter.java:115)
	at org.apache.maven.surefire.booter.ForkedBooter.main(ForkedBooter.java:75)
Caused by: org.openqa.selenium.ElementNotVisibleException: Element is not currently visible and so may not be interacted with
Build info: version: &apos;2.43.1&apos;, revision: &apos;5163bceef1bc36d43f3dc0b83c88998168a363a0&apos;, time: &apos;2014-09-10 09:43:55&apos;
System info: host: &apos;Jaces-MacBook-Pro.local&apos;, ip: &apos;192.168.0.12&apos;, os.name: &apos;Mac OS X&apos;, os.arch: &apos;x86_64&apos;, os.version: &apos;10.9.5&apos;, java.version: &apos;1.7.0_51&apos;
Driver info: driver.version: unknown
	at &lt;anonymous class&gt;.fxdriver.preconditions.visible(file:///var/folders/kq/76vdr5j16qx1ycyqrwkf205000007h/T/anonymous547557074171706435webdriver-profile/extensions/fxdriver@googlecode.com/components/command-processor.js:8936:5)
	at &lt;anonymous class&gt;.DelayedCommand.prototype.checkPreconditions_(file:///var/folders/kq/76vdr5j16qx1ycyqrwkf205000007h/T/anonymous547557074171706435webdriver-profile/extensions/fxdriver@googlecode.com/components/command-processor.js:11595:1)
	at &lt;anonymous class&gt;.DelayedCommand.prototype.executeInternal_/h(file:///var/folders/kq/76vdr5j16qx1ycyqrwkf205000007h/T/anonymous547557074171706435webdriver-profile/extensions/fxdriver@googlecode.com/components/command-processor.js:11612:11)
	at &lt;anonymous class&gt;.fxdriver.Timer.prototype.setTimeout/&lt;.notify(file:///var/folders/kq/76vdr5j16qx1ycyqrwkf205000007h/T/anonymous547557074171706435webdriver-profile/extensions/fxdriver@googlecode.com/components/command-processor.js:548:5)
</error>
  </testcase>
</testsuite>